<?xml version="1.0" encoding="UTF-8"?>
<!-- Generated by org.testng.reporters.JUnitReportReporter -->
<testsuite hostname="DESKTOP-6D9SDR4" failures="0" tests="1" name="project_2.project2" time="0.007" errors="0" timestamp="2023-10-24T07:21:07 EET" skipped="0">
  <testcase classname="project_2.project2" name="myTest" time="0.007"/>
  <system-out/>
</testsuite> <!-- project_2.project2 -->
